#
# There is insufficient memory for the Java Runtime Environment to continue.
# Native memory allocation (malloc) failed to allocate 303760 bytes for Chunk::new
# Possible reasons:
#   The system is out of physical RAM or swap space
#   The process is running with CompressedOops enabled, and the Java Heap may be blocking the growth of the native heap
# Possible solutions:
#   Reduce memory load on the system
#   Increase physical memory or swap space
#   Check if swap backing store is full
#   Decrease Java heap size (-Xmx/-Xms)
#   Decrease number of Java threads
#   Decrease Java thread stack sizes (-Xss)
#   Set larger code cache with -XX:ReservedCodeCacheSize=
#   JVM is running with Unscaled Compressed Oops mode in which the Java heap is
#     placed in the first 4GB address space. The Java Heap base address is the
#     maximum limit for the native heap growth. Please use -XX:HeapBaseMinAddress
#     to set the Java Heap base and to place the Java Heap above 4GB virtual address.
# This output file may be truncated or incomplete.
#
#  Out of Memory Error (allocation.cpp:389), pid=18476, tid=0x0000000000004fc8
#
# JRE version: Java(TM) SE Runtime Environment (8.0_301-b09) (build 1.8.0_301-b09)
# Java VM: Java HotSpot(TM) 64-Bit Server VM (25.301-b09 mixed mode windows-amd64 compressed oops)
# Failed to write core dump. Minidumps are not enabled by default on client versions of Windows
#

---------------  T H R E A D  ---------------

Current thread (0x00000210b6e1a800):  JavaThread "C2 CompilerThread1" daemon [_thread_in_native, id=20424, stack(0x000000bf92700000,0x000000bf92800000)]

Stack: [0x000000bf92700000,0x000000bf92800000]
Native frames: (J=compiled Java code, j=interpreted, Vv=VM code, C=native code)
V  [jvm.dll+0x32ed79]


Current CompileTask:
C2:    759  699       4       java.io.WinNTFileSystem::normalize (143 bytes)


---------------  P R O C E S S  ---------------

Java Threads: ( => current thread )
  0x00000210b93b4000 JavaThread "ReaderThread" [_thread_in_native, id=20584, stack(0x000000bf92d00000,0x000000bf92e00000)]
  0x00000210b6e8e800 JavaThread "Service Thread" daemon [_thread_blocked, id=11976, stack(0x000000bf92a00000,0x000000bf92b00000)]
  0x00000210b6e26800 JavaThread "C1 CompilerThread3" daemon [_thread_blocked, id=8360, stack(0x000000bf92900000,0x000000bf92a00000)]
  0x00000210b6e23000 JavaThread "C2 CompilerThread2" daemon [_thread_in_native, id=20320, stack(0x000000bf92800000,0x000000bf92900000)]
=>0x00000210b6e1a800 JavaThread "C2 CompilerThread1" daemon [_thread_in_native, id=20424, stack(0x000000bf92700000,0x000000bf92800000)]
  0x00000210b6e19000 JavaThread "C2 CompilerThread0" daemon [_thread_blocked, id=21056, stack(0x000000bf92600000,0x000000bf92700000)]
  0x00000210b6e18000 JavaThread "Attach Listener" daemon [_thread_blocked, id=18456, stack(0x000000bf92500000,0x000000bf92600000)]
  0x00000210b6e17000 JavaThread "Signal Dispatcher" daemon [_thread_blocked, id=21484, stack(0x000000bf92400000,0x000000bf92500000)]
  0x00000210b6df3000 JavaThread "Finalizer" daemon [_thread_blocked, id=18324, stack(0x000000bf92300000,0x000000bf92400000)]
  0x00000210b6de4000 JavaThread "Reference Handler" daemon [_thread_blocked, id=5620, stack(0x000000bf92200000,0x000000bf92300000)]
  0x00000210a323d800 JavaThread "main" [_thread_in_vm, id=17080, stack(0x000000bf91800000,0x000000bf91900000)]

Other Threads:
  0x00000210b6db9000 VMThread [stack: 0x000000bf92100000,0x000000bf92200000] [id=19092]
  0x00000210b8c89800 WatcherThread [stack: 0x000000bf92b00000,0x000000bf92c00000] [id=12924]

VM state:not at safepoint (normal execution)

VM Mutex/Monitor currently owned by a thread: None

heap address: 0x00000000c1e00000, size: 994 MB, Compressed Oops mode: 32-bit
Narrow klass base: 0x0000000000000000, Narrow klass shift: 3
Compressed class space size: 1073741824 Address: 0x0000000100000000

Heap:
 PSYoungGen      total 18944K, used 12582K [0x00000000eb500000, 0x00000000eca00000, 0x0000000100000000)
  eden space 16384K, 76% used [0x00000000eb500000,0x00000000ec149bb0,0x00000000ec500000)
  from space 2560K, 0% used [0x00000000ec500000,0x00000000ec500000,0x00000000ec780000)
  to   space 2560K, 0% used [0x00000000ec780000,0x00000000ec780000,0x00000000eca00000)
 ParOldGen       total 31744K, used 1886K [0x00000000c1e00000, 0x00000000c3d00000, 0x00000000eb500000)
  object space 31744K, 5% used [0x00000000c1e00000,0x00000000c1fd7910,0x00000000c3d00000)
 Metaspace       used 10011K, capacity 10295K, committed 10624K, reserved 1062912K
  class space    used 1164K, capacity 1282K, committed 1408K, reserved 1048576K

Card table byte_map: [0x00000210b3f30000,0x00000210b4130000] byte_map_base: 0x00000210b3921000

Marking Bits: (ParMarkBitMap*) 0x0000000063887fe0
 Begin Bits: [0x00000210b4280000, 0x00000210b5208000)
 End Bits:   [0x00000210b5208000, 0x00000210b6190000)

Polling page: 0x00000210a3340000

CodeCache: size=245760Kb used=3222Kb max_used=3222Kb free=242537Kb
 bounds [0x00000210a4b70000, 0x00000210a4ea0000, 0x00000210b3b70000]
 total_blobs=1215 nmethods=882 adapters=246
 compilation: enabled

Compilation events (10 events):
Event: 0.733 Thread 0x00000210b6e26800 nmethod 848 0x00000210a4e847d0 code [0x00000210a4e849e0, 0x00000210a4e855c0]
Event: 0.734 Thread 0x00000210b6e26800  849       3       java.util.AbstractList::iterator (10 bytes)
Event: 0.734 Thread 0x00000210b6e23000 nmethod 830 0x00000210a4e87190 code [0x00000210a4e87420, 0x00000210a4e87c78]
Event: 0.734 Thread 0x00000210b6e26800 nmethod 849 0x00000210a4e86bd0 code [0x00000210a4e86d40, 0x00000210a4e87038]
Event: 0.734 Thread 0x00000210b6e26800  850       3       jdk.internal.org.objectweb.asm.MethodVisitor::<init> (35 bytes)
Event: 0.735 Thread 0x00000210b6e26800 nmethod 850 0x00000210a4e86650 code [0x00000210a4e867c0, 0x00000210a4e86ad0]
Event: 0.737 Thread 0x00000210b6e26800  851       1       java.util.stream.ReferencePipeline$StatelessOp::opIsStateful (2 bytes)
Event: 0.737 Thread 0x00000210b6e26800 nmethod 851 0x00000210a4e86390 code [0x00000210a4e864e0, 0x00000210a4e865f8]
Event: 0.740 Thread 0x00000210b6e26800  852       1       org.testng.shaded.com.google.gson.reflect.TypeToken::getRawType (5 bytes)
Event: 0.740 Thread 0x00000210b6e26800 nmethod 852 0x00000210a4e860d0 code [0x00000210a4e86220, 0x00000210a4e86338]

GC Heap History (4 events):
Event: 0.350 GC heap before
{Heap before GC invocations=1 (full 0):
 PSYoungGen      total 18944K, used 11439K [0x00000000eb500000, 0x00000000eca00000, 0x0000000100000000)
  eden space 16384K, 69% used [0x00000000eb500000,0x00000000ec02bf10,0x00000000ec500000)
  from space 2560K, 0% used [0x00000000ec780000,0x00000000ec780000,0x00000000eca00000)
  to   space 2560K, 0% used [0x00000000ec500000,0x00000000ec500000,0x00000000ec780000)
 ParOldGen       total 44032K, used 0K [0x00000000c1e00000, 0x00000000c4900000, 0x00000000eb500000)
  object space 44032K, 0% used [0x00000000c1e00000,0x00000000c1e00000,0x00000000c4900000)
 Metaspace       used 6266K, capacity 6402K, committed 6528K, reserved 1060864K
  class space    used 724K, capacity 797K, committed 896K, reserved 1048576K
Event: 0.352 GC heap after
Heap after GC invocations=1 (full 0):
 PSYoungGen      total 18944K, used 2097K [0x00000000eb500000, 0x00000000eca00000, 0x0000000100000000)
  eden space 16384K, 0% used [0x00000000eb500000,0x00000000eb500000,0x00000000ec500000)
  from space 2560K, 81% used [0x00000000ec500000,0x00000000ec70c478,0x00000000ec780000)
  to   space 2560K, 0% used [0x00000000ec780000,0x00000000ec780000,0x00000000eca00000)
 ParOldGen       total 44032K, used 8K [0x00000000c1e00000, 0x00000000c4900000, 0x00000000eb500000)
  object space 44032K, 0% used [0x00000000c1e00000,0x00000000c1e02000,0x00000000c4900000)
 Metaspace       used 6266K, capacity 6402K, committed 6528K, reserved 1060864K
  class space    used 724K, capacity 797K, committed 896K, reserved 1048576K
}
Event: 0.352 GC heap before
{Heap before GC invocations=2 (full 1):
 PSYoungGen      total 18944K, used 2097K [0x00000000eb500000, 0x00000000eca00000, 0x0000000100000000)
  eden space 16384K, 0% used [0x00000000eb500000,0x00000000eb500000,0x00000000ec500000)
  from space 2560K, 81% used [0x00000000ec500000,0x00000000ec70c478,0x00000000ec780000)
  to   space 2560K, 0% used [0x00000000ec780000,0x00000000ec780000,0x00000000eca00000)
 ParOldGen       total 44032K, used 8K [0x00000000c1e00000, 0x00000000c4900000, 0x00000000eb500000)
  object space 44032K, 0% used [0x00000000c1e00000,0x00000000c1e02000,0x00000000c4900000)
 Metaspace       used 6266K, capacity 6402K, committed 6528K, reserved 1060864K
  class space    used 724K, capacity 797K, committed 896K, reserved 1048576K
Event: 0.362 GC heap after
Heap after GC invocations=2 (full 1):
 PSYoungGen      total 18944K, used 0K [0x00000000eb500000, 0x00000000eca00000, 0x0000000100000000)
  eden space 16384K, 0% used [0x00000000eb500000,0x00000000eb500000,0x00000000ec500000)
  from space 2560K, 0% used [0x00000000ec500000,0x00000000ec500000,0x00000000ec780000)
  to   space 2560K, 0% used [0x00000000ec780000,0x00000000ec780000,0x00000000eca00000)
 ParOldGen       total 31744K, used 1886K [0x00000000c1e00000, 0x00000000c3d00000, 0x00000000eb500000)
  object space 31744K, 5% used [0x00000000c1e00000,0x00000000c1fd7910,0x00000000c3d00000)
 Metaspace       used 6266K, capacity 6402K, committed 6528K, reserved 1058816K
  class space    used 724K, capacity 797K, committed 896K, reserved 1048576K
}

Deoptimization events (4 events):
Event: 0.227 Thread 0x00000210a323d800 Uncommon trap: reason=unstable_if action=reinterpret pc=0x00000210a4d07028 method=java.lang.String.indexOf([CII[CIII)I @ 123
Event: 0.227 Thread 0x00000210a323d800 Uncommon trap: reason=unstable_if action=reinterpret pc=0x00000210a4ce287c method=java.lang.String.indexOf([CII[CIII)I @ 123
Event: 0.371 Thread 0x00000210a323d800 Uncommon trap: reason=unstable_if action=reinterpret pc=0x00000210a4d48be4 method=sun.misc.MetaIndex.mayContain(Ljava/lang/String;)Z @ 38
Event: 0.394 Thread 0x00000210a323d800 Uncommon trap: reason=unstable_if action=reinterpret pc=0x00000210a4d63760 method=java.lang.String.indexOf([CII[CIII)I @ 3

Classes redefined (0 events):
No events

Internal exceptions (10 events):
Event: 0.031 Thread 0x00000210a323d800 Exception <a 'java/lang/NoSuchMethodError': Method sun.misc.Unsafe.prefetchRead(Ljava/lang/Object;J)V name or signature does not match> (0x00000000eb507fa8) thrown at [C:\jenkins\workspace\8-2-build-windows-amd64-cygwin\jdk8u301\1513\hotspot\src\share\vm\
Event: 0.223 Thread 0x00000210a323d800 Exception <a 'java/lang/ArrayIndexOutOfBoundsException'> (0x00000000eba7c7f0) thrown at [C:\jenkins\workspace\8-2-build-windows-amd64-cygwin\jdk8u301\1513\hotspot\src\share\vm\runtime\sharedRuntime.cpp, line 609]
Event: 0.223 Thread 0x00000210a323d800 Exception <a 'java/lang/ArrayIndexOutOfBoundsException'> (0x00000000eba7d6f8) thrown at [C:\jenkins\workspace\8-2-build-windows-amd64-cygwin\jdk8u301\1513\hotspot\src\share\vm\runtime\sharedRuntime.cpp, line 609]
Event: 0.230 Thread 0x00000210a323d800 Exception <a 'java/security/PrivilegedActionException'> (0x00000000ebaa61b0) thrown at [C:\jenkins\workspace\8-2-build-windows-amd64-cygwin\jdk8u301\1513\hotspot\src\share\vm\prims\jvm.cpp, line 1523]
Event: 0.230 Thread 0x00000210a323d800 Exception <a 'java/security/PrivilegedActionException'> (0x00000000ebaa63c0) thrown at [C:\jenkins\workspace\8-2-build-windows-amd64-cygwin\jdk8u301\1513\hotspot\src\share\vm\prims\jvm.cpp, line 1523]
Event: 0.231 Thread 0x00000210a323d800 Exception <a 'java/security/PrivilegedActionException'> (0x00000000ebaaa2d0) thrown at [C:\jenkins\workspace\8-2-build-windows-amd64-cygwin\jdk8u301\1513\hotspot\src\share\vm\prims\jvm.cpp, line 1523]
Event: 0.231 Thread 0x00000210a323d800 Exception <a 'java/security/PrivilegedActionException'> (0x00000000ebaaa4e0) thrown at [C:\jenkins\workspace\8-2-build-windows-amd64-cygwin\jdk8u301\1513\hotspot\src\share\vm\prims\jvm.cpp, line 1523]
Event: 0.291 Thread 0x00000210a323d800 Exception <a 'java/lang/NoSuchFieldError': method resolution failed> (0x00000000ebd69910) thrown at [C:\jenkins\workspace\8-2-build-windows-amd64-cygwin\jdk8u301\1513\hotspot\src\share\vm\prims\methodHandles.cpp, line 1169]
Event: 0.292 Thread 0x00000210a323d800 Exception <a 'java/lang/NoSuchFieldError': method resolution failed> (0x00000000ebd76d18) thrown at [C:\jenkins\workspace\8-2-build-windows-amd64-cygwin\jdk8u301\1513\hotspot\src\share\vm\prims\methodHandles.cpp, line 1169]
Event: 0.647 Thread 0x00000210a323d800 Exception <a 'java/lang/NoSuchMethodError': java.lang.Object.lambda$comparingInt$7b0bb60$1(Ljava/util/function/ToIntFunction;Ljava/lang/Object;Ljava/lang/Object;)I> (0x00000000ebab4648) thrown at [C:\jenkins\workspace\8-2-build-windows-amd64-cygwin\jdk8u3

Events (10 events):
Event: 0.739 loading class org/testng/remote/strprotocol/SuiteMessage
Event: 0.739 loading class org/testng/remote/strprotocol/SuiteMessage done
Event: 0.740 loading class org/testng/shaded/com/google/gson/internal/ConstructorConstructor$14
Event: 0.740 loading class org/testng/shaded/com/google/gson/internal/ConstructorConstructor$14 done
Event: 0.740 loading class org/testng/shaded/com/google/gson/internal/UnsafeAllocator
Event: 0.740 loading class org/testng/shaded/com/google/gson/internal/UnsafeAllocator done
Event: 0.740 loading class org/testng/shaded/com/google/gson/internal/UnsafeAllocator$1
Event: 0.740 loading class org/testng/shaded/com/google/gson/internal/UnsafeAllocator$1 done
Event: 0.740 loading class org/testng/shaded/com/google/gson/internal/UnsafeAllocator$2
Event: 0.740 loading class org/testng/shaded/com/google/gson/internal/UnsafeAllocator$2 done


Dynamic libraries:
0x00007ff7c0970000 - 0x00007ff7c09b7000 	C:\Program Files\Java\jdk1.8.0_301\bin\javaw.exe
0x00007fff7c8a0000 - 0x00007fff7caa9000 	C:\WINDOWS\SYSTEM32\ntdll.dll
0x00007fff7b4e0000 - 0x00007fff7b59d000 	C:\WINDOWS\System32\KERNEL32.DLL
0x00007fff79dc0000 - 0x00007fff7a134000 	C:\WINDOWS\System32\KERNELBASE.dll
0x00007fff7aa20000 - 0x00007fff7aace000 	C:\WINDOWS\System32\ADVAPI32.dll
0x00007fff7b5a0000 - 0x00007fff7b643000 	C:\WINDOWS\System32\msvcrt.dll
0x00007fff7a950000 - 0x00007fff7a9ee000 	C:\WINDOWS\System32\sechost.dll
0x00007fff7c4d0000 - 0x00007fff7c5f0000 	C:\WINDOWS\System32\RPCRT4.dll
0x00007fff7b330000 - 0x00007fff7b4dc000 	C:\WINDOWS\System32\USER32.dll
0x00007fff79d90000 - 0x00007fff79db6000 	C:\WINDOWS\System32\win32u.dll
0x00007fff7a9f0000 - 0x00007fff7aa19000 	C:\WINDOWS\System32\GDI32.dll
0x00007fff7a620000 - 0x00007fff7a732000 	C:\WINDOWS\System32\gdi32full.dll
0x00007fff7a140000 - 0x00007fff7a1dd000 	C:\WINDOWS\System32\msvcp_win.dll
0x00007fff7a500000 - 0x00007fff7a611000 	C:\WINDOWS\System32\ucrtbase.dll
0x00007fff52910000 - 0x00007fff52bb5000 	C:\WINDOWS\WinSxS\amd64_microsoft.windows.common-controls_6595b64144ccf1df_6.0.22000.120_none_9d947278b86cc467\COMCTL32.dll
0x00007fff7b290000 - 0x00007fff7b2c1000 	C:\WINDOWS\System32\IMM32.DLL
0x00007fff68460000 - 0x00007fff68475000 	C:\Program Files\Java\jdk1.8.0_301\jre\bin\vcruntime140.dll
0x00007fff67c70000 - 0x00007fff67d0b000 	C:\Program Files\Java\jdk1.8.0_301\jre\bin\msvcp140.dll
0x00000000630a0000 - 0x0000000063900000 	C:\Program Files\Java\jdk1.8.0_301\jre\bin\server\jvm.dll
0x00007fff7aad0000 - 0x00007fff7aad8000 	C:\WINDOWS\System32\PSAPI.DLL
0x00007fff75850000 - 0x00007fff75859000 	C:\WINDOWS\SYSTEM32\WSOCK32.dll
0x00007fff74b60000 - 0x00007fff74b6a000 	C:\WINDOWS\SYSTEM32\VERSION.dll
0x00007fff73e80000 - 0x00007fff73eb3000 	C:\WINDOWS\SYSTEM32\WINMM.dll
0x00007fff7b120000 - 0x00007fff7b18f000 	C:\WINDOWS\System32\WS2_32.dll
0x00007fff78e90000 - 0x00007fff78ea8000 	C:\WINDOWS\SYSTEM32\kernel.appcore.dll
0x00007fff74920000 - 0x00007fff74930000 	C:\Program Files\Java\jdk1.8.0_301\jre\bin\verify.dll
0x00007fff67c40000 - 0x00007fff67c6b000 	C:\Program Files\Java\jdk1.8.0_301\jre\bin\java.dll
0x00007fff67e30000 - 0x00007fff67e48000 	C:\Program Files\Java\jdk1.8.0_301\jre\bin\zip.dll
0x00007fff7b650000 - 0x00007fff7bdfe000 	C:\WINDOWS\System32\SHELL32.dll
0x00007fff77f00000 - 0x00007fff78768000 	C:\WINDOWS\SYSTEM32\windows.storage.dll
0x00007fff7c150000 - 0x00007fff7c4c8000 	C:\WINDOWS\System32\combase.dll
0x00007fff77cb0000 - 0x00007fff77e16000 	C:\WINDOWS\SYSTEM32\wintypes.dll
0x00007fff7abc0000 - 0x00007fff7acaa000 	C:\WINDOWS\System32\SHCORE.dll
0x00007fff7a740000 - 0x00007fff7a79d000 	C:\WINDOWS\System32\shlwapi.dll
0x00007fff79cc0000 - 0x00007fff79ce1000 	C:\WINDOWS\SYSTEM32\profapi.dll
0x00007fff67c20000 - 0x00007fff67c3c000 	C:\Program Files\Java\jdk1.8.0_301\jre\bin\net.dll
0x00007fff792c0000 - 0x00007fff79327000 	C:\WINDOWS\system32\mswsock.dll
0x00007fff78a30000 - 0x00007fff78b17000 	C:\WINDOWS\SYSTEM32\DNSAPI.dll
0x00007fff789c0000 - 0x00007fff789ed000 	C:\WINDOWS\SYSTEM32\IPHLPAPI.DLL
0x00007fff7be00000 - 0x00007fff7be09000 	C:\WINDOWS\System32\NSI.dll
0x00007fff6f3c0000 - 0x00007fff6f3ca000 	C:\Windows\System32\rasadhlp.dll
0x00007fff6e2c0000 - 0x00007fff6e341000 	C:\WINDOWS\System32\fwpuclnt.dll
0x00007fff79510000 - 0x00007fff79528000 	C:\WINDOWS\SYSTEM32\CRYPTSP.dll
0x00007fff78df0000 - 0x00007fff78e25000 	C:\WINDOWS\system32\rsaenh.dll
0x00007fff793b0000 - 0x00007fff793d9000 	C:\WINDOWS\SYSTEM32\USERENV.dll
0x00007fff79680000 - 0x00007fff796a7000 	C:\WINDOWS\SYSTEM32\bcrypt.dll
0x00007fff7a480000 - 0x00007fff7a4ff000 	C:\WINDOWS\System32\bcryptprimitives.dll
0x00007fff79500000 - 0x00007fff7950c000 	C:\WINDOWS\SYSTEM32\CRYPTBASE.dll
0x00007fff73620000 - 0x00007fff73639000 	C:\WINDOWS\SYSTEM32\dhcpcsvc6.DLL
0x00007fff74b00000 - 0x00007fff74b1e000 	C:\WINDOWS\SYSTEM32\dhcpcsvc.DLL
0x00007fff67610000 - 0x00007fff67623000 	C:\Program Files\Java\jdk1.8.0_301\jre\bin\nio.dll

VM Arguments:
jvm_args: -ea -Dfile.encoding=Cp1252 
java_command: org.testng.remote.RemoteTestNG -serport 58317 -protocol json -d C:\Users\User\git\CapstoneProject_WebShop\Elf_BaseFramework\test-output C:\Users\User\AppData\Local\Temp\testng-eclipse-134933186\testng-customsuite.xml
java_class_path (initial): C:\Users\User\eclipse\java-2021-12\eclipse\configuration\org.eclipse.osgi\432\0\.cp\lib\testng-remote.jar;C:\Users\User\git\CapstoneProject_WebShop\Elf_BaseFramework\target\test-classes;C:\Users\User\git\CapstoneProject_WebShop\Elf_BaseFramework\target\classes;C:\Users\User\.m2\repository\org\seleniumhq\selenium\selenium-java\3.141.59\selenium-java-3.141.59.jar;C:\Users\User\.m2\repository\org\seleniumhq\selenium\selenium-api\3.141.59\selenium-api-3.141.59.jar;C:\Users\User\.m2\repository\org\seleniumhq\selenium\selenium-chrome-driver\3.141.59\selenium-chrome-driver-3.141.59.jar;C:\Users\User\.m2\repository\org\seleniumhq\selenium\selenium-edge-driver\3.141.59\selenium-edge-driver-3.141.59.jar;C:\Users\User\.m2\repository\org\seleniumhq\selenium\selenium-firefox-driver\3.141.59\selenium-firefox-driver-3.141.59.jar;C:\Users\User\.m2\repository\org\seleniumhq\selenium\selenium-ie-driver\3.141.59\selenium-ie-driver-3.141.59.jar;C:\Users\User\.m2\repository\org\seleniumhq\selenium\selenium-opera-driver\3.141.59\selenium-opera-driver-3.141.59.jar;C:\Users\User\.m2\repository\org\seleniumhq\selenium\selenium-remote-driver\3.141.59\selenium-remote-driver-3.141.59.jar;C:\Users\User\.m2\repository\org\seleniumhq\selenium\selenium-safari-driver\3.141.59\selenium-safari-driver-3.141.59.jar;C:\Users\User\.m2\repository\org\seleniumhq\selenium\selenium-support\3.141.59\selenium-support-3.141.59.jar;C:\Users\User\.m2\repository\net\bytebuddy\byte-buddy\1.8.15\byte-buddy-1.8.15.jar;C:\Users\User\.m2\repository\org\apache\commons\commons-exec\1.3\commons-exec-1.3.jar;C:\Users\User\.m2\repository\com\google\guava\guava\25.0-jre\guava-25.0-jre.jar;C:\Users\User\.m2\repository\com\google\code\findbugs\jsr305\1.3.9\jsr305-1.3.9.jar;C:\Users\User\.m2\repository\org\checkerframework\checker-compat-qual\2.0.0\checker-compat-qual-2.0.0.jar;C:\Users\User\.m2\repository\com\google\errorprone\error_prone_annotations\2.1.3\error_prone_annotations-2.1.3.jar;C:\Users
Launcher Type: SUN_STANDARD

Environment Variables:
JAVA_HOME=C:\Program Files\Java\jdk1.8.0_301
PATH=C:/Users/User/.p2/pool/plugins/org.eclipse.justj.openjdk.hotspot.jre.full.win32.x86_64_17.0.1.v20211116-1657/jre/bin/server;C:/Users/User/.p2/pool/plugins/org.eclipse.justj.openjdk.hotspot.jre.full.win32.x86_64_17.0.1.v20211116-1657/jre/bin;C:\Users\User\Downloads\apache-maven-3.8.4-bin\apache-maven-3.8.4\bin;C:\WINDOWS\system32;C:\WINDOWS;C:\WINDOWS\System32\Wbem;C:\WINDOWS\System32\WindowsPowerShell\v1.0\;C:\WINDOWS\System32\OpenSSH\;C:\Program Files\nodejs\;C:\Program Files\MySQL\MySQL Shell 8.0\bin\;C:\Users\User\AppData\Local\Microsoft\WindowsApps;;C:\Users\User\AppData\Local\Programs\Microsoft VS Code\bin;C:\Users\User\AppData\Roaming\npm;C:\Users\User\Desktop;
USERNAME=User
OS=Windows_NT
PROCESSOR_IDENTIFIER=Intel64 Family 6 Model 142 Stepping 12, GenuineIntel



---------------  S Y S T E M  ---------------

OS: Windows 10.0 , 64 bit Build 22000 (10.0.22000.434)

CPU:total 8 (initial active 8) (4 cores per cpu, 2 threads per core) family 6 model 142 stepping 12, cmov, cx8, fxsr, mmx, sse, sse2, sse3, ssse3, sse4.1, sse4.2, popcnt, avx, avx2, aes, clmul, erms, 3dnowpref, lzcnt, ht, tsc, tscinvbit, bmi1, bmi2, adx

Memory: 4k page, physical 4063404k(274352k free), swap 13383628k(2184k free)

vm_info: Java HotSpot(TM) 64-Bit Server VM (25.301-b09) for windows-amd64 JRE (1.8.0_301-b09), built on Jun  9 2021 06:46:21 by "java_re" with MS VC++ 15.9 (VS2017)

time: Wed Mar  2 17:12:54 2022
timezone: India Standard Time
elapsed time: 0.791960 seconds (0d 0h 0m 0s)

